# JRE version: OpenJDK Runtime Environment (21.0.6) (build 21.0.6+-13391695-b895.109)
# Java VM: OpenJDK 64-Bit Server VM (21.0.6+-13391695-b895.109, mixed mode, tiered, compressed oops, compressed class ptrs, g1 gc, windows-amd64)
GC Precious Log:
 CardTable entry size: 512
 Card Set container configuration: InlinePtr #cards 5 size 8 Array Of Cards #cards 12 size 40 Howl #buckets 4 coarsen threshold 1843 Howl Bitmap #cards 512 size 80 coarsen threshold 460 Card regions per heap region 1 cards per card region 2048
 CPUs: 4 total, 4 available
 Memory: 8097M
 Large Page Support: Disabled
 NUMA Support: Disabled
 Compressed Oops: Enabled (32-bit)
 Heap Region Size: 1M
 Heap Min Capacity: 8M
 Heap Initial Capacity: 128M
 Heap Max Capacity: 2026M
 Pre-touch: Disabled
 Parallel Workers: 4
 Concurrent Workers: 1
 Concurrent Refinement Workers: 4
 Periodic GC: Disabled
Heap:
 garbage-first heap   total 66560K, used 47793K [0x0000000081600000, 0x0000000100000000)
  region size 1024K, 2 young (2048K), 2 survivors (2048K)
 Metaspace       used 61878K, committed 62208K, reserved 1114112K
  class space    used 7098K, committed 7232K, reserved 1048576K
GC Heap History (20 events):
Event: 14.695 GC heap after
{Heap after GC invocations=10 (full 0):
 garbage-first heap   total 43008K, used 21419K [0x0000000081600000, 0x0000000100000000)
  region size 1024K, 2 young (2048K), 2 survivors (2048K)
 Metaspace       used 40931K, committed 41152K, reserved 1114112K
  class space    used 4946K, committed 5056K, reserved 1048576K
}
Event: 15.675 GC heap before
{Heap before GC invocations=10 (full 0):
 garbage-first heap   total 43008K, used 33707K [0x0000000081600000, 0x0000000100000000)
  region size 1024K, 15 young (15360K), 2 survivors (2048K)
 Metaspace       used 44471K, committed 44736K, reserved 1114112K
  class space    used 5287K, committed 5440K, reserved 1048576K
}
Event: 15.681 GC heap after
{Heap after GC invocations=11 (full 0):
 garbage-first heap   total 43008K, used 22695K [0x0000000081600000, 0x0000000100000000)
  region size 1024K, 2 young (2048K), 2 survivors (2048K)
 Metaspace       used 44471K, committed 44736K, reserved 1114112K
  class space    used 5287K, committed 5440K, reserved 1048576K
}
Event: 16.644 GC heap before
{Heap before GC invocations=12 (full 0):
 garbage-first heap   total 43008K, used 34983K [0x0000000081600000, 0x0000000100000000)
  region size 1024K, 15 young (15360K), 2 survivors (2048K)
 Metaspace       used 48307K, committed 48640K, reserved 1114112K
  class space    used 5669K, committed 5824K, reserved 1048576K
}
Event: 16.650 GC heap after
{Heap after GC invocations=13 (full 0):
 garbage-first heap   total 43008K, used 23444K [0x0000000081600000, 0x0000000100000000)
  region size 1024K, 1 young (1024K), 1 survivors (1024K)
 Metaspace       used 48307K, committed 48640K, reserved 1114112K
  class space    used 5669K, committed 5824K, reserved 1048576K
}
Event: 17.318 GC heap before
{Heap before GC invocations=13 (full 0):
 garbage-first heap   total 43008K, used 36756K [0x0000000081600000, 0x0000000100000000)
  region size 1024K, 15 young (15360K), 1 survivors (1024K)
 Metaspace       used 52104K, committed 52416K, reserved 1114112K
  class space    used 6055K, committed 6208K, reserved 1048576K
}
Event: 17.329 GC heap after
{Heap after GC invocations=14 (full 0):
 garbage-first heap   total 43008K, used 23330K [0x0000000081600000, 0x0000000100000000)
  region size 1024K, 2 young (2048K), 2 survivors (2048K)
 Metaspace       used 52104K, committed 52416K, reserved 1114112K
  class space    used 6055K, committed 6208K, reserved 1048576K
}
Event: 17.766 GC heap before
{Heap before GC invocations=14 (full 0):
 garbage-first heap   total 43008K, used 34594K [0x0000000081600000, 0x0000000100000000)
  region size 1024K, 14 young (14336K), 2 survivors (2048K)
 Metaspace       used 54057K, committed 54336K, reserved 1114112K
  class space    used 6252K, committed 6400K, reserved 1048576K
}
Event: 17.781 GC heap after
{Heap after GC invocations=15 (full 0):
 garbage-first heap   total 52224K, used 25469K [0x0000000081600000, 0x0000000100000000)
  region size 1024K, 2 young (2048K), 2 survivors (2048K)
 Metaspace       used 54057K, committed 54336K, reserved 1114112K
  class space    used 6252K, committed 6400K, reserved 1048576K
}
Event: 18.170 GC heap before
{Heap before GC invocations=16 (full 0):
 garbage-first heap   total 52224K, used 46973K [0x0000000081600000, 0x0000000100000000)
  region size 1024K, 22 young (22528K), 2 survivors (2048K)
 Metaspace       used 54109K, committed 54400K, reserved 1114112K
  class space    used 6252K, committed 6400K, reserved 1048576K
}
Event: 18.203 GC heap after
{Heap after GC invocations=17 (full 0):
 garbage-first heap   total 57344K, used 34655K [0x0000000081600000, 0x0000000100000000)
  region size 1024K, 3 young (3072K), 3 survivors (3072K)
 Metaspace       used 54109K, committed 54400K, reserved 1114112K
  class space    used 6252K, committed 6400K, reserved 1048576K
}
Event: 18.932 GC heap before
{Heap before GC invocations=17 (full 0):
 garbage-first heap   total 57344K, used 47967K [0x0000000081600000, 0x0000000100000000)
  region size 1024K, 16 young (16384K), 3 survivors (3072K)
 Metaspace       used 55137K, committed 55424K, reserved 1114112K
  class space    used 6346K, committed 6464K, reserved 1048576K
}
Event: 18.959 GC heap after
{Heap after GC invocations=18 (full 0):
 garbage-first heap   total 57344K, used 38400K [0x0000000081600000, 0x0000000100000000)
  region size 1024K, 2 young (2048K), 2 survivors (2048K)
 Metaspace       used 55137K, committed 55424K, reserved 1114112K
  class space    used 6346K, committed 6464K, reserved 1048576K
}
Event: 19.588 GC heap before
{Heap before GC invocations=18 (full 0):
 garbage-first heap   total 57344K, used 48640K [0x0000000081600000, 0x0000000100000000)
  region size 1024K, 12 young (12288K), 2 survivors (2048K)
 Metaspace       used 57584K, committed 57856K, reserved 1114112K
  class space    used 6609K, committed 6720K, reserved 1048576K
}
Event: 19.603 GC heap after
{Heap after GC invocations=19 (full 0):
 garbage-first heap   total 57344K, used 39926K [0x0000000081600000, 0x0000000100000000)
  region size 1024K, 1 young (1024K), 1 survivors (1024K)
 Metaspace       used 57584K, committed 57856K, reserved 1114112K
  class space    used 6609K, committed 6720K, reserved 1048576K
}
Event: 20.367 GC heap before
{Heap before GC invocations=20 (full 0):
 garbage-first heap   total 66560K, used 49142K [0x0000000081600000, 0x0000000100000000)
  region size 1024K, 11 young (11264K), 1 survivors (1024K)
 Metaspace       used 59380K, committed 59648K, reserved 1114112K
  class space    used 6808K, committed 6912K, reserved 1048576K
}
Event: 20.381 GC heap after
{Heap after GC invocations=21 (full 0):
 garbage-first heap   total 66560K, used 41239K [0x0000000081600000, 0x0000000100000000)
  region size 1024K, 2 young (2048K), 2 survivors (2048K)
 Metaspace       used 59380K, committed 59648K, reserved 1114112K
  class space    used 6808K, committed 6912K, reserved 1048576K
}
Event: 21.434 GC heap before
{Heap before GC invocations=21 (full 0):
 garbage-first heap   total 66560K, used 56599K [0x0000000081600000, 0x0000000100000000)
  region size 1024K, 18 young (18432K), 2 survivors (2048K)
 Metaspace       used 61276K, committed 61568K, reserved 1114112K
  class space    used 7055K, committed 7168K, reserved 1048576K
}
Event: 21.461 GC heap after
{Heap after GC invocations=22 (full 0):
 garbage-first heap   total 66560K, used 44190K [0x0000000081600000, 0x0000000100000000)
  region size 1024K, 3 young (3072K), 3 survivors (3072K)
 Metaspace       used 61276K, committed 61568K, reserved 1114112K
  class space    used 7055K, committed 7168K, reserved 1048576K
}
Event: 22.257 GC heap before
{Heap before GC invocations=22 (full 0):
 garbage-first heap   total 66560K, used 57502K [0x0000000081600000, 0x0000000100000000)
  region size 1024K, 16 young (16384K), 3 survivors (3072K)
 Metaspace       used 61878K, committed 62208K, reserved 1114112K
  class space    used 7098K, committed 7232K, reserved 1048576K
}

